app/build/intermediates/manifest_merge_blame_file/debug/manifest-merger-blame-debug-report.txt
1<?xml version="1.0" encoding="utf-8"?>
2<manifest xmlns:android="http://schemas.android.com/apk/res/android"
3    package="com.suryashakti.solarmonitor"
4    android:versionCode="5"
5    android:versionName="5.0" >
6
7    <uses-sdk
8        android:minSdkVersion="26"
9        android:targetSdkVersion="34" />
10
11    <uses-permission android:name="android.permission.INTERNET" />
11-->src\main\AndroidManifest.xml:5:5-67
11-->src\main\AndroidManifest.xml:5:22-64
12    <uses-permission android:name="android.permission.ACCESS_NETWORK_STATE" />
12-->src\main\AndroidManifest.xml:6:5-79
12-->src\main\AndroidManifest.xml:6:22-76
13    <uses-permission android:name="android.permission.ACCESS_COARSE_LOCATION" />
13-->src\main\AndroidManifest.xml:7:5-81
13-->src\main\AndroidManifest.xml:7:22-78
14    <uses-permission android:name="android.permission.ACCESS_FINE_LOCATION" />
14-->src\main\AndroidManifest.xml:8:5-79
14-->src\main\AndroidManifest.xml:8:22-76
15    <uses-permission android:name="android.permission.POST_NOTIFICATIONS" />
15-->src\main\AndroidManifest.xml:9:5-77
15-->src\main\AndroidManifest.xml:9:22-74
16    <uses-permission android:name="android.permission.RECEIVE_BOOT_COMPLETED" />
16-->src\main\AndroidManifest.xml:10:5-81
16-->src\main\AndroidManifest.xml:10:22-78
17    <uses-permission android:name="android.permission.VIBRATE" />
17-->src\main\AndroidManifest.xml:11:5-66
17-->src\main\AndroidManifest.xml:11:22-63
18
19    <uses-feature
19-->[com.google.android.gms:play-services-maps:18.2.0] AndroidManifest.xml:26:5-28:35
20        android:glEsVersion="0x00020000"
20-->[com.google.android.gms:play-services-maps:18.2.0] AndroidManifest.xml:27:9-41
21        android:required="true" />
21-->[com.google.android.gms:play-services-maps:18.2.0] AndroidManifest.xml:28:9-32
22
23    <queries>
23-->[com.google.android.gms:play-services-maps:18.2.0] AndroidManifest.xml:30:5-34:15
24
25        <!-- Needs to be explicitly declared on Android R+ -->
26        <package android:name="com.google.android.apps.maps" />
26-->[com.google.android.gms:play-services-maps:18.2.0] AndroidManifest.xml:33:9-64
26-->[com.google.android.gms:play-services-maps:18.2.0] AndroidManifest.xml:33:18-61
27    </queries>
28
29    <uses-permission android:name="android.permission.WAKE_LOCK" />
29-->[androidx.work:work-runtime:2.9.0] AndroidManifest.xml:23:5-68
29-->[androidx.work:work-runtime:2.9.0] AndroidManifest.xml:23:22-65
30    <uses-permission android:name="android.permission.FOREGROUND_SERVICE" />
30-->[androidx.work:work-runtime:2.9.0] AndroidManifest.xml:26:5-77
30-->[androidx.work:work-runtime:2.9.0] AndroidManifest.xml:26:22-74
31    <uses-permission android:name="com.google.android.finsky.permission.BIND_GET_INSTALL_REFERRER_SERVICE" />
31-->[com.google.android.gms:play-services-measurement:21.5.1] AndroidManifest.xml:26:5-110
31-->[com.google.android.gms:play-services-measurement:21.5.1] AndroidManifest.xml:26:22-107
32    <uses-permission android:name="com.google.android.gms.permission.AD_ID" />
32-->[com.google.android.gms:play-services-measurement-impl:21.5.1] AndroidManifest.xml:27:5-79
32-->[com.google.android.gms:play-services-measurement-impl:21.5.1] AndroidManifest.xml:27:22-76
33
34    <permission
34-->[androidx.core:core:1.12.0] AndroidManifest.xml:22:5-24:47
35        android:name="com.suryashakti.solarmonitor.DYNAMIC_RECEIVER_NOT_EXPORTED_PERMISSION"
35-->[androidx.core:core:1.12.0] AndroidManifest.xml:23:9-81
36        android:protectionLevel="signature" />
36-->[androidx.core:core:1.12.0] AndroidManifest.xml:24:9-44
37
38    <uses-permission android:name="com.suryashakti.solarmonitor.DYNAMIC_RECEIVER_NOT_EXPORTED_PERMISSION" />
38-->[androidx.core:core:1.12.0] AndroidManifest.xml:26:5-97
38-->[androidx.core:core:1.12.0] AndroidManifest.xml:26:22-94
39    <uses-permission android:name="com.google.android.providers.gsf.permission.READ_GSERVICES" />
39-->[com.google.android.recaptcha:recaptcha:18.4.0] AndroidManifest.xml:9:5-98
39-->[com.google.android.recaptcha:recaptcha:18.4.0] AndroidManifest.xml:9:22-95
40    <uses-permission android:name="android.permission.ACCESS_ADSERVICES_ATTRIBUTION" />
40-->[com.google.android.gms:play-services-measurement-api:21.5.1] AndroidManifest.xml:26:5-88
40-->[com.google.android.gms:play-services-measurement-api:21.5.1] AndroidManifest.xml:26:22-85
41    <uses-permission android:name="android.permission.ACCESS_ADSERVICES_AD_ID" />
41-->[com.google.android.gms:play-services-measurement-api:21.5.1] AndroidManifest.xml:27:5-82
41-->[com.google.android.gms:play-services-measurement-api:21.5.1] AndroidManifest.xml:27:22-79
42
43    <application
43-->src\main\AndroidManifest.xml:13:5-71:19
44        android:name="com.suryashakti.solarmonitor.SuryaShaktiApp"
44-->src\main\AndroidManifest.xml:14:9-39
45        android:allowBackup="true"
45-->src\main\AndroidManifest.xml:15:9-35
46        android:appComponentFactory="androidx.core.app.CoreComponentFactory"
46-->[androidx.core:core:1.12.0] AndroidManifest.xml:28:18-86
47        android:debuggable="true"
48        android:extractNativeLibs="false"
49        android:icon="@drawable/ic_sun"
49-->src\main\AndroidManifest.xml:16:9-40
50        android:label="@string/app_name"
50-->src\main\AndroidManifest.xml:17:9-41
51        android:roundIcon="@drawable/ic_sun_round"
51-->src\main\AndroidManifest.xml:18:9-51
52        android:supportsRtl="true"
52-->src\main\AndroidManifest.xml:19:9-35
53        android:testOnly="true"
54        android:theme="@style/Theme.SuryaShakti"
54-->src\main\AndroidManifest.xml:20:9-49
55        android:usesCleartextTraffic="false" >
55-->src\main\AndroidManifest.xml:21:9-45
56
57        <!-- Google Maps API Key (uses same Firebase API key from google-services.json) -->
58        <meta-data
58-->src\main\AndroidManifest.xml:24:9-26:70
59            android:name="com.google.android.geo.API_KEY"
59-->src\main\AndroidManifest.xml:25:13-58
60            android:value="AIzaSyCWDet7d_pLZZx4gNtKrVltX4vR2kEztfE" />
60-->src\main\AndroidManifest.xml:26:13-68
61
62        <activity
62-->src\main\AndroidManifest.xml:28:9-36:20
63            android:name="com.suryashakti.solarmonitor.ui.splash.SplashActivity"
63-->src\main\AndroidManifest.xml:29:13-53
64            android:exported="true"
64-->src\main\AndroidManifest.xml:30:13-36
65            android:theme="@style/Theme.SuryaShakti.Splash" >
65-->src\main\AndroidManifest.xml:31:13-60
66            <intent-filter>
66-->src\main\AndroidManifest.xml:32:13-35:29
67                <action android:name="android.intent.action.MAIN" />
67-->src\main\AndroidManifest.xml:33:17-69
67-->src\main\AndroidManifest.xml:33:25-66
68
69                <category android:name="android.intent.category.LAUNCHER" />
69-->src\main\AndroidManifest.xml:34:17-77
69-->src\main\AndroidManifest.xml:34:27-74
70            </intent-filter>
71        </activity>
72        <activity
72-->src\main\AndroidManifest.xml:38:9-41:57
73            android:name="com.suryashakti.solarmonitor.ui.location.PanelLocationActivity"
73-->src\main\AndroidManifest.xml:39:13-62
74            android:exported="false"
74-->src\main\AndroidManifest.xml:40:13-37
75            android:windowSoftInputMode="adjustResize" />
75-->src\main\AndroidManifest.xml:41:13-55
76        <activity
76-->src\main\AndroidManifest.xml:43:9-46:57
77            android:name="com.suryashakti.solarmonitor.ui.auth.AuthActivity"
77-->src\main\AndroidManifest.xml:44:13-49
78            android:exported="false"
78-->src\main\AndroidManifest.xml:45:13-37
79            android:windowSoftInputMode="adjustResize" />
79-->src\main\AndroidManifest.xml:46:13-55
80        <activity
80-->src\main\AndroidManifest.xml:48:9-51:57
81            android:name="com.suryashakti.solarmonitor.ui.main.MainActivity"
81-->src\main\AndroidManifest.xml:49:13-49
82            android:exported="false"
82-->src\main\AndroidManifest.xml:50:13-37
83            android:windowSoftInputMode="adjustResize" />
83-->src\main\AndroidManifest.xml:51:13-55
84
85        <receiver
85-->src\main\AndroidManifest.xml:53:9-59:20
86            android:name="com.suryashakti.solarmonitor.util.PeakSunReceiver"
86-->src\main\AndroidManifest.xml:54:13-49
87            android:exported="false" >
87-->src\main\AndroidManifest.xml:55:13-37
88            <intent-filter>
88-->src\main\AndroidManifest.xml:56:13-58:29
89                <action android:name="android.intent.action.BOOT_COMPLETED" />
89-->src\main\AndroidManifest.xml:57:17-79
89-->src\main\AndroidManifest.xml:57:25-76
90            </intent-filter>
91        </receiver>
92
93        <provider
94            android:name="androidx.startup.InitializationProvider"
94-->src\main\AndroidManifest.xml:62:13-67
95            android:authorities="com.suryashakti.solarmonitor.androidx-startup"
95-->src\main\AndroidManifest.xml:63:13-68
96            android:exported="false" >
96-->src\main\AndroidManifest.xml:64:13-37
97            <meta-data
97-->src\main\AndroidManifest.xml:66:13-68:52
98                android:name="androidx.work.WorkManagerInitializer"
98-->src\main\AndroidManifest.xml:67:17-68
99                android:value="androidx.startup" />
99-->src\main\AndroidManifest.xml:68:17-49
100            <meta-data
100-->[androidx.emoji2:emoji2:1.2.0] AndroidManifest.xml:29:13-31:52
101                android:name="androidx.emoji2.text.EmojiCompatInitializer"
101-->[androidx.emoji2:emoji2:1.2.0] AndroidManifest.xml:30:17-75
102                android:value="androidx.startup" />
102-->[androidx.emoji2:emoji2:1.2.0] AndroidManifest.xml:31:17-49
103            <meta-data
103-->[androidx.lifecycle:lifecycle-process:2.7.0] AndroidManifest.xml:29:13-31:52
104                android:name="androidx.lifecycle.ProcessLifecycleInitializer"
104-->[androidx.lifecycle:lifecycle-process:2.7.0] AndroidManifest.xml:30:17-78
105                android:value="androidx.startup" />
105-->[androidx.lifecycle:lifecycle-process:2.7.0] AndroidManifest.xml:31:17-49
106            <meta-data
106-->[androidx.profileinstaller:profileinstaller:1.3.0] AndroidManifest.xml:29:13-31:52
107                android:name="androidx.profileinstaller.ProfileInstallerInitializer"
107-->[androidx.profileinstaller:profileinstaller:1.3.0] AndroidManifest.xml:30:17-85
108                android:value="androidx.startup" />
108-->[androidx.profileinstaller:profileinstaller:1.3.0] AndroidManifest.xml:31:17-49
109        </provider>
110
111        <activity
111-->[com.google.android.gms:play-services-auth:21.0.0] AndroidManifest.xml:23:9-27:75
112            android:name="com.google.android.gms.auth.api.signin.internal.SignInHubActivity"
112-->[com.google.android.gms:play-services-auth:21.0.0] AndroidManifest.xml:24:13-93
113            android:excludeFromRecents="true"
113-->[com.google.android.gms:play-services-auth:21.0.0] AndroidManifest.xml:25:13-46
114            android:exported="false"
114-->[com.google.android.gms:play-services-auth:21.0.0] AndroidManifest.xml:26:13-37
115            android:theme="@android:style/Theme.Translucent.NoTitleBar" />
115-->[com.google.android.gms:play-services-auth:21.0.0] AndroidManifest.xml:27:13-72
116        <!--
117            Service handling Google Sign-In user revocation. For apps that do not integrate with
118            Google Sign-In, this service will never be started.
119        -->
120        <service
120-->[com.google.android.gms:play-services-auth:21.0.0] AndroidManifest.xml:33:9-37:51
121            android:name="com.google.android.gms.auth.api.signin.RevocationBoundService"
121-->[com.google.android.gms:play-services-auth:21.0.0] AndroidManifest.xml:34:13-89
122            android:exported="true"
122-->[com.google.android.gms:play-services-auth:21.0.0] AndroidManifest.xml:35:13-36
123            android:permission="com.google.android.gms.auth.api.signin.permission.REVOCATION_NOTIFICATION"
123-->[com.google.android.gms:play-services-auth:21.0.0] AndroidManifest.xml:36:13-107
124            android:visibleToInstantApps="true" /> <!-- Needs to be explicitly declared on P+ -->
124-->[com.google.android.gms:play-services-auth:21.0.0] AndroidManifest.xml:37:13-48
125        <uses-library
125-->[com.google.android.gms:play-services-maps:18.2.0] AndroidManifest.xml:39:9-41:40
126            android:name="org.apache.http.legacy"
126-->[com.google.android.gms:play-services-maps:18.2.0] AndroidManifest.xml:40:13-50
127            android:required="false" />
127-->[com.google.android.gms:play-services-maps:18.2.0] AndroidManifest.xml:41:13-37
128
129        <service
129-->[com.google.firebase:firebase-auth-ktx:22.3.1] AndroidManifest.xml:8:9-14:19
130            android:name="com.google.firebase.components.ComponentDiscoveryService"
130-->[com.google.firebase:firebase-auth-ktx:22.3.1] AndroidManifest.xml:9:13-84
131            android:directBootAware="true"
131-->[com.google.firebase:firebase-common:20.4.2] AndroidManifest.xml:32:13-43
132            android:exported="false" >
132-->[com.google.firebase:firebase-auth-ktx:22.3.1] AndroidManifest.xml:10:13-37
133            <meta-data
133-->[com.google.firebase:firebase-auth-ktx:22.3.1] AndroidManifest.xml:11:13-13:85
134                android:name="com.google.firebase.components:com.google.firebase.auth.ktx.FirebaseAuthLegacyRegistrar"
134-->[com.google.firebase:firebase-auth-ktx:22.3.1] AndroidManifest.xml:12:17-119
135                android:value="com.google.firebase.components.ComponentRegistrar" />
135-->[com.google.firebase:firebase-auth-ktx:22.3.1] AndroidManifest.xml:13:17-82
136            <meta-data
136-->[com.google.firebase:firebase-auth:22.3.1] AndroidManifest.xml:69:13-71:85
137                android:name="com.google.firebase.components:com.google.firebase.auth.FirebaseAuthRegistrar"
137-->[com.google.firebase:firebase-auth:22.3.1] AndroidManifest.xml:70:17-109
138                android:value="com.google.firebase.components.ComponentRegistrar" />
138-->[com.google.firebase:firebase-auth:22.3.1] AndroidManifest.xml:71:17-82
139            <meta-data
139-->[com.google.firebase:firebase-firestore-ktx:24.10.2] AndroidManifest.xml:12:13-14:85
140                android:name="com.google.firebase.components:com.google.firebase.firestore.ktx.FirebaseFirestoreLegacyRegistrar"
140-->[com.google.firebase:firebase-firestore-ktx:24.10.2] AndroidManifest.xml:13:17-129
141                android:value="com.google.firebase.components.ComponentRegistrar" />
141-->[com.google.firebase:firebase-firestore-ktx:24.10.2] AndroidManifest.xml:14:17-82
142            <meta-data
142-->[com.google.firebase:firebase-firestore:24.10.2] AndroidManifest.xml:17:13-19:85
143                android:name="com.google.firebase.components:com.google.firebase.firestore.FirebaseFirestoreKtxRegistrar"
143-->[com.google.firebase:firebase-firestore:24.10.2] AndroidManifest.xml:18:17-122
144                android:value="com.google.firebase.components.ComponentRegistrar" />
144-->[com.google.firebase:firebase-firestore:24.10.2] AndroidManifest.xml:19:17-82
145            <meta-data
145-->[com.google.firebase:firebase-firestore:24.10.2] AndroidManifest.xml:20:13-22:85
146                android:name="com.google.firebase.components:com.google.firebase.firestore.FirestoreRegistrar"
146-->[com.google.firebase:firebase-firestore:24.10.2] AndroidManifest.xml:21:17-111
147                android:value="com.google.firebase.components.ComponentRegistrar" />
147-->[com.google.firebase:firebase-firestore:24.10.2] AndroidManifest.xml:22:17-82
148            <meta-data
148-->[com.google.firebase:firebase-analytics-ktx:21.5.1] AndroidManifest.xml:11:13-13:85
149                android:name="com.google.firebase.components:com.google.firebase.analytics.ktx.FirebaseAnalyticsLegacyRegistrar"
149-->[com.google.firebase:firebase-analytics-ktx:21.5.1] AndroidManifest.xml:12:17-129
150                android:value="com.google.firebase.components.ComponentRegistrar" />
150-->[com.google.firebase:firebase-analytics-ktx:21.5.1] AndroidManifest.xml:13:17-82
151            <meta-data
151-->[com.google.android.gms:play-services-measurement-api:21.5.1] AndroidManifest.xml:37:13-39:85
152                android:name="com.google.firebase.components:com.google.firebase.analytics.connector.internal.AnalyticsConnectorRegistrar"
152-->[com.google.android.gms:play-services-measurement-api:21.5.1] AndroidManifest.xml:38:17-139
153                android:value="com.google.firebase.components.ComponentRegistrar" />
153-->[com.google.android.gms:play-services-measurement-api:21.5.1] AndroidManifest.xml:39:17-82
154            <meta-data
154-->[com.google.firebase:firebase-installations:17.2.0] AndroidManifest.xml:15:13-17:85
155                android:name="com.google.firebase.components:com.google.firebase.installations.FirebaseInstallationsKtxRegistrar"
155-->[com.google.firebase:firebase-installations:17.2.0] AndroidManifest.xml:16:17-130
156                android:value="com.google.firebase.components.ComponentRegistrar" />
156-->[com.google.firebase:firebase-installations:17.2.0] AndroidManifest.xml:17:17-82
157            <meta-data
157-->[com.google.firebase:firebase-installations:17.2.0] AndroidManifest.xml:18:13-20:85
158                android:name="com.google.firebase.components:com.google.firebase.installations.FirebaseInstallationsRegistrar"
158-->[com.google.firebase:firebase-installations:17.2.0] AndroidManifest.xml:19:17-127
159                android:value="com.google.firebase.components.ComponentRegistrar" />
159-->[com.google.firebase:firebase-installations:17.2.0] AndroidManifest.xml:20:17-82
160            <meta-data
160-->[com.google.firebase:firebase-common-ktx:20.4.2] AndroidManifest.xml:12:13-14:85
161                android:name="com.google.firebase.components:com.google.firebase.ktx.FirebaseCommonLegacyRegistrar"
161-->[com.google.firebase:firebase-common-ktx:20.4.2] AndroidManifest.xml:13:17-116
162                android:value="com.google.firebase.components.ComponentRegistrar" />
162-->[com.google.firebase:firebase-common-ktx:20.4.2] AndroidManifest.xml:14:17-82
163            <meta-data
163-->[com.google.firebase:firebase-common:20.4.2] AndroidManifest.xml:35:13-37:85
164                android:name="com.google.firebase.components:com.google.firebase.FirebaseCommonKtxRegistrar"
164-->[com.google.firebase:firebase-common:20.4.2] AndroidManifest.xml:36:17-109
165                android:value="com.google.firebase.components.ComponentRegistrar" />
165-->[com.google.firebase:firebase-common:20.4.2] AndroidManifest.xml:37:17-82
166        </service>
167
168        <activity
168-->[com.google.firebase:firebase-auth:22.3.1] AndroidManifest.xml:29:9-46:20
169            android:name="com.google.firebase.auth.internal.GenericIdpActivity"
169-->[com.google.firebase:firebase-auth:22.3.1] AndroidManifest.xml:30:13-80
170            android:excludeFromRecents="true"
170-->[com.google.firebase:firebase-auth:22.3.1] AndroidManifest.xml:31:13-46
171            android:exported="true"
171-->[com.google.firebase:firebase-auth:22.3.1] AndroidManifest.xml:32:13-36
172            android:launchMode="singleTask"
172-->[com.google.firebase:firebase-auth:22.3.1] AndroidManifest.xml:33:13-44
173            android:theme="@android:style/Theme.Translucent.NoTitleBar" >
173-->[com.google.firebase:firebase-auth:22.3.1] AndroidManifest.xml:34:13-72
174            <intent-filter>
174-->[com.google.firebase:firebase-auth:22.3.1] AndroidManifest.xml:35:13-45:29
175                <action android:name="android.intent.action.VIEW" />
175-->[com.google.firebase:firebase-auth:22.3.1] AndroidManifest.xml:36:17-69
175-->[com.google.firebase:firebase-auth:22.3.1] AndroidManifest.xml:36:25-66
176
177                <category android:name="android.intent.category.DEFAULT" />
177-->[com.google.firebase:firebase-auth:22.3.1] AndroidManifest.xml:38:17-76
177-->[com.google.firebase:firebase-auth:22.3.1] AndroidManifest.xml:38:27-73
178                <category android:name="android.intent.category.BROWSABLE" />
178-->[com.google.firebase:firebase-auth:22.3.1] AndroidManifest.xml:39:17-78
178-->[com.google.firebase:firebase-auth:22.3.1] AndroidManifest.xml:39:27-75
179
180                <data
180-->[com.google.firebase:firebase-auth:22.3.1] AndroidManifest.xml:41:17-44:51
181                    android:host="firebase.auth"
181-->[com.google.firebase:firebase-auth:22.3.1] AndroidManifest.xml:42:21-49
182                    android:path="/"
182-->[com.google.firebase:firebase-auth:22.3.1] AndroidManifest.xml:43:21-37
183                    android:scheme="genericidp" />
183-->[com.google.firebase:firebase-auth:22.3.1] AndroidManifest.xml:44:21-48
184            </intent-filter>
185        </activity>
186        <activity
186-->[com.google.firebase:firebase-auth:22.3.1] AndroidManifest.xml:47:9-64:20
187            android:name="com.google.firebase.auth.internal.RecaptchaActivity"
187-->[com.google.firebase:firebase-auth:22.3.1] AndroidManifest.xml:48:13-79
188            android:excludeFromRecents="true"
188-->[com.google.firebase:firebase-auth:22.3.1] AndroidManifest.xml:49:13-46
189            android:exported="true"
189-->[com.google.firebase:firebase-auth:22.3.1] AndroidManifest.xml:50:13-36
190            android:launchMode="singleTask"
190-->[com.google.firebase:firebase-auth:22.3.1] AndroidManifest.xml:51:13-44
191            android:theme="@android:style/Theme.Translucent.NoTitleBar" >
191-->[com.google.firebase:firebase-auth:22.3.1] AndroidManifest.xml:52:13-72
192            <intent-filter>
192-->[com.google.firebase:firebase-auth:22.3.1] AndroidManifest.xml:53:13-63:29
193                <action android:name="android.intent.action.VIEW" />
193-->[com.google.firebase:firebase-auth:22.3.1] AndroidManifest.xml:36:17-69
193-->[com.google.firebase:firebase-auth:22.3.1] AndroidManifest.xml:36:25-66
194
195                <category android:name="android.intent.category.DEFAULT" />
195-->[com.google.firebase:firebase-auth:22.3.1] AndroidManifest.xml:38:17-76
195-->[com.google.firebase:firebase-auth:22.3.1] AndroidManifest.xml:38:27-73
196                <category android:name="android.intent.category.BROWSABLE" />
196-->[com.google.firebase:firebase-auth:22.3.1] AndroidManifest.xml:39:17-78
196-->[com.google.firebase:firebase-auth:22.3.1] AndroidManifest.xml:39:27-75
197
198                <data
198-->[com.google.firebase:firebase-auth:22.3.1] AndroidManifest.xml:41:17-44:51
199                    android:host="firebase.auth"
199-->[com.google.firebase:firebase-auth:22.3.1] AndroidManifest.xml:42:21-49
200                    android:path="/"
200-->[com.google.firebase:firebase-auth:22.3.1] AndroidManifest.xml:43:21-37
201                    android:scheme="recaptcha" />
201-->[com.google.firebase:firebase-auth:22.3.1] AndroidManifest.xml:44:21-48
202            </intent-filter>
203        </activity>
204        <activity
204-->[com.google.android.gms:play-services-base:18.1.0] AndroidManifest.xml:20:9-22:45
205            android:name="com.google.android.gms.common.api.GoogleApiActivity"
205-->[com.google.android.gms:play-services-base:18.1.0] AndroidManifest.xml:20:19-85
206            android:exported="false"
206-->[com.google.android.gms:play-services-base:18.1.0] AndroidManifest.xml:22:19-43
207            android:theme="@android:style/Theme.Translucent.NoTitleBar" />
207-->[com.google.android.gms:play-services-base:18.1.0] AndroidManifest.xml:21:19-78
208
209        <service
209-->[androidx.room:room-runtime:2.6.1] AndroidManifest.xml:24:9-28:63
210            android:name="androidx.room.MultiInstanceInvalidationService"
210-->[androidx.room:room-runtime:2.6.1] AndroidManifest.xml:25:13-74
211            android:directBootAware="true"
211-->[androidx.room:room-runtime:2.6.1] AndroidManifest.xml:26:13-43
212            android:exported="false" />
212-->[androidx.room:room-runtime:2.6.1] AndroidManifest.xml:27:13-37
213        <service
213-->[androidx.work:work-runtime:2.9.0] AndroidManifest.xml:39:9-45:35
214            android:name="androidx.work.impl.background.systemalarm.SystemAlarmService"
214-->[androidx.work:work-runtime:2.9.0] AndroidManifest.xml:40:13-88
215            android:directBootAware="false"
215-->[androidx.work:work-runtime:2.9.0] AndroidManifest.xml:41:13-44
216            android:enabled="@bool/enable_system_alarm_service_default"
216-->[androidx.work:work-runtime:2.9.0] AndroidManifest.xml:42:13-72
217            android:exported="false" />
217-->[androidx.work:work-runtime:2.9.0] AndroidManifest.xml:43:13-37
218        <service
218-->[androidx.work:work-runtime:2.9.0] AndroidManifest.xml:46:9-52:35
219            android:name="androidx.work.impl.background.systemjob.SystemJobService"
219-->[androidx.work:work-runtime:2.9.0] AndroidManifest.xml:47:13-84
220            android:directBootAware="false"
220-->[androidx.work:work-runtime:2.9.0] AndroidManifest.xml:48:13-44
221            android:enabled="@bool/enable_system_job_service_default"
221-->[androidx.work:work-runtime:2.9.0] AndroidManifest.xml:49:13-70
222            android:exported="true"
222-->[androidx.work:work-runtime:2.9.0] AndroidManifest.xml:50:13-36
223            android:permission="android.permission.BIND_JOB_SERVICE" />
223-->[androidx.work:work-runtime:2.9.0] AndroidManifest.xml:51:13-69
224        <service
224-->[androidx.work:work-runtime:2.9.0] AndroidManifest.xml:53:9-59:35
225            android:name="androidx.work.impl.foreground.SystemForegroundService"
225-->[androidx.work:work-runtime:2.9.0] AndroidManifest.xml:54:13-81
226            android:directBootAware="false"
226-->[androidx.work:work-runtime:2.9.0] AndroidManifest.xml:55:13-44
227            android:enabled="@bool/enable_system_foreground_service_default"
227-->[androidx.work:work-runtime:2.9.0] AndroidManifest.xml:56:13-77
228            android:exported="false" />
228-->[androidx.work:work-runtime:2.9.0] AndroidManifest.xml:57:13-37
229
230        <receiver
230-->[androidx.work:work-runtime:2.9.0] AndroidManifest.xml:61:9-66:35
231            android:name="androidx.work.impl.utils.ForceStopRunnable$BroadcastReceiver"
231-->[androidx.work:work-runtime:2.9.0] AndroidManifest.xml:62:13-88
232            android:directBootAware="false"
232-->[androidx.work:work-runtime:2.9.0] AndroidManifest.xml:63:13-44
233            android:enabled="true"
233-->[androidx.work:work-runtime:2.9.0] AndroidManifest.xml:64:13-35
234            android:exported="false" />
234-->[androidx.work:work-runtime:2.9.0] AndroidManifest.xml:65:13-37
235        <receiver
235-->[androidx.work:work-runtime:2.9.0] AndroidManifest.xml:67:9-77:20
236            android:name="androidx.work.impl.background.systemalarm.ConstraintProxy$BatteryChargingProxy"
236-->[androidx.work:work-runtime:2.9.0] AndroidManifest.xml:68:13-106
237            android:directBootAware="false"
237-->[androidx.work:work-runtime:2.9.0] AndroidManifest.xml:69:13-44
238            android:enabled="false"
238-->[androidx.work:work-runtime:2.9.0] AndroidManifest.xml:70:13-36
239            android:exported="false" >
239-->[androidx.work:work-runtime:2.9.0] AndroidManifest.xml:71:13-37
240            <intent-filter>
240-->[androidx.work:work-runtime:2.9.0] AndroidManifest.xml:73:13-76:29
241                <action android:name="android.intent.action.ACTION_POWER_CONNECTED" />
241-->[androidx.work:work-runtime:2.9.0] AndroidManifest.xml:74:17-87
241-->[androidx.work:work-runtime:2.9.0] AndroidManifest.xml:74:25-84
242                <action android:name="android.intent.action.ACTION_POWER_DISCONNECTED" />
242-->[androidx.work:work-runtime:2.9.0] AndroidManifest.xml:75:17-90
242-->[androidx.work:work-runtime:2.9.0] AndroidManifest.xml:75:25-87
243            </intent-filter>
244        </receiver>
245        <receiver
245-->[androidx.work:work-runtime:2.9.0] AndroidManifest.xml:78:9-88:20
246            android:name="androidx.work.impl.background.systemalarm.ConstraintProxy$BatteryNotLowProxy"
246-->[androidx.work:work-runtime:2.9.0] AndroidManifest.xml:79:13-104
247            android:directBootAware="false"
247-->[androidx.work:work-runtime:2.9.0] AndroidManifest.xml:80:13-44
248            android:enabled="false"
248-->[androidx.work:work-runtime:2.9.0] AndroidManifest.xml:81:13-36
249            android:exported="false" >
249-->[androidx.work:work-runtime:2.9.0] AndroidManifest.xml:82:13-37
250            <intent-filter>
250-->[androidx.work:work-runtime:2.9.0] AndroidManifest.xml:84:13-87:29
251                <action android:name="android.intent.action.BATTERY_OKAY" />
251-->[androidx.work:work-runtime:2.9.0] AndroidManifest.xml:85:17-77
251-->[androidx.work:work-runtime:2.9.0] AndroidManifest.xml:85:25-74
252                <action android:name="android.intent.action.BATTERY_LOW" />
252-->[androidx.work:work-runtime:2.9.0] AndroidManifest.xml:86:17-76
252-->[androidx.work:work-runtime:2.9.0] AndroidManifest.xml:86:25-73
253            </intent-filter>
254        </receiver>
255        <receiver
255-->[androidx.work:work-runtime:2.9.0] AndroidManifest.xml:89:9-99:20
256            android:name="androidx.work.impl.background.systemalarm.ConstraintProxy$StorageNotLowProxy"
256-->[androidx.work:work-runtime:2.9.0] AndroidManifest.xml:90:13-104
257            android:directBootAware="false"
257-->[androidx.work:work-runtime:2.9.0] AndroidManifest.xml:91:13-44
258            android:enabled="false"
258-->[androidx.work:work-runtime:2.9.0] AndroidManifest.xml:92:13-36
259            android:exported="false" >
259-->[androidx.work:work-runtime:2.9.0] AndroidManifest.xml:93:13-37
260            <intent-filter>
260-->[androidx.work:work-runtime:2.9.0] AndroidManifest.xml:95:13-98:29
261                <action android:name="android.intent.action.DEVICE_STORAGE_LOW" />
261-->[androidx.work:work-runtime:2.9.0] AndroidManifest.xml:96:17-83
261-->[androidx.work:work-runtime:2.9.0] AndroidManifest.xml:96:25-80
262                <action android:name="android.intent.action.DEVICE_STORAGE_OK" />